2018-10-23 17:22:59,840 INFO 3168 [egg:logger] init all loggers with options: {"dir":"E:\\self\\vue_ssr\\vue_ssr\\logs\\vue_ssr","encoding":"utf8","env":"local","level":"INFO","consoleLevel":"INFO","disableConsoleAfterReady":false,"outputJSON":false,"buffer":true,"appLogName":"vue_ssr-web.log","coreLogName":"egg-web.log","agentLogName":"egg-agent.log","errorLogName":"common-error.log","coreLogger":{"consoleLevel":"WARN"},"allowDebugAtProd":false,"type":"application"}
2018-10-23 17:22:59,873 INFO 3168 [egg-schedule]: register schedule E:\self\vue_ssr\vue_ssr\node_modules\egg-logrotator\app\schedule\clean_log.js
2018-10-23 17:22:59,873 INFO 3168 [egg-schedule]: register schedule E:\self\vue_ssr\vue_ssr\node_modules\egg-logrotator\app\schedule\rotate_by_file.js
2018-10-23 17:22:59,874 INFO 3168 [egg-multipart] stream mode enable
2018-10-23 17:22:59,930 INFO 3168 [egg-static] starting static serve /public/ -> E:\self\vue_ssr\vue_ssr\app\public
2018-10-23 17:22:59,933 INFO 3168 [egg-security] use csrf middleware
2018-10-23 17:22:59,934 INFO 3168 [egg-security] use methodnoallow middleware
2018-10-23 17:22:59,934 INFO 3168 [egg-security] use noopen middleware
2018-10-23 17:22:59,935 INFO 3168 [egg-security] use nosniff middleware
2018-10-23 17:22:59,935 INFO 3168 [egg-security] use xssProtection middleware
2018-10-23 17:22:59,935 INFO 3168 [egg-security] use xframe middleware
2018-10-23 17:22:59,936 INFO 3168 [egg-security] use dta middleware
2018-10-23 17:22:59,936 INFO 3168 [egg-security] compose 7 middlewares into one security middleware
2018-10-23 17:22:59,946 INFO 3168 [egg:core] dump config after load, 6ms
2018-10-23 17:22:59,960 INFO 3168 [egg-watcher:application] watcher start success
2018-10-23 17:22:59,968 INFO 3168 [egg:core] dump config after ready, 6ms
2018-10-23 17:26:22,782 INFO 4144 [egg:logger] init all loggers with options: {"dir":"E:\\self\\vue_ssr\\vue_ssr\\logs\\vue_ssr","encoding":"utf8","env":"local","level":"INFO","consoleLevel":"INFO","disableConsoleAfterReady":false,"outputJSON":false,"buffer":true,"appLogName":"vue_ssr-web.log","coreLogName":"egg-web.log","agentLogName":"egg-agent.log","errorLogName":"common-error.log","coreLogger":{"consoleLevel":"WARN"},"allowDebugAtProd":false,"type":"application"}
2018-10-23 17:26:22,814 INFO 4144 [egg-schedule]: register schedule E:\self\vue_ssr\vue_ssr\node_modules\egg-logrotator\app\schedule\clean_log.js
2018-10-23 17:26:22,814 INFO 4144 [egg-schedule]: register schedule E:\self\vue_ssr\vue_ssr\node_modules\egg-logrotator\app\schedule\rotate_by_file.js
2018-10-23 17:26:22,815 INFO 4144 [egg-multipart] stream mode enable
2018-10-23 17:26:22,867 INFO 4144 [egg-static] starting static serve /public/ -> E:\self\vue_ssr\vue_ssr\app\public
2018-10-23 17:26:22,870 INFO 4144 [egg-security] use csrf middleware
2018-10-23 17:26:22,871 INFO 4144 [egg-security] use methodnoallow middleware
2018-10-23 17:26:22,871 INFO 4144 [egg-security] use noopen middleware
2018-10-23 17:26:22,871 INFO 4144 [egg-security] use nosniff middleware
2018-10-23 17:26:22,872 INFO 4144 [egg-security] use xssProtection middleware
2018-10-23 17:26:22,872 INFO 4144 [egg-security] use xframe middleware
2018-10-23 17:26:22,873 INFO 4144 [egg-security] use dta middleware
2018-10-23 17:26:22,873 INFO 4144 [egg-security] compose 7 middlewares into one security middleware
2018-10-23 17:26:22,883 INFO 4144 [egg:core] dump config after load, 6ms
2018-10-23 17:26:22,892 INFO 4144 [egg-watcher:application] watcher start success
2018-10-23 17:26:22,899 INFO 4144 [egg:core] dump config after ready, 5ms
2018-10-23 17:26:33,947 INFO 7128 [egg:logger] init all loggers with options: {"dir":"E:\\self\\vue_ssr\\vue_ssr\\logs\\vue_ssr","encoding":"utf8","env":"local","level":"INFO","consoleLevel":"INFO","disableConsoleAfterReady":false,"outputJSON":false,"buffer":true,"appLogName":"vue_ssr-web.log","coreLogName":"egg-web.log","agentLogName":"egg-agent.log","errorLogName":"common-error.log","coreLogger":{"consoleLevel":"WARN"},"allowDebugAtProd":false,"type":"application"}
2018-10-23 17:26:33,979 INFO 7128 [egg-schedule]: register schedule E:\self\vue_ssr\vue_ssr\node_modules\egg-logrotator\app\schedule\clean_log.js
2018-10-23 17:26:33,979 INFO 7128 [egg-schedule]: register schedule E:\self\vue_ssr\vue_ssr\node_modules\egg-logrotator\app\schedule\rotate_by_file.js
2018-10-23 17:26:33,979 INFO 7128 [egg-multipart] stream mode enable
2018-10-23 17:26:34,028 INFO 7128 [egg-static] starting static serve /public/ -> E:\self\vue_ssr\vue_ssr\app\public
2018-10-23 17:26:34,032 INFO 7128 [egg-security] use csrf middleware
2018-10-23 17:26:34,032 INFO 7128 [egg-security] use methodnoallow middleware
2018-10-23 17:26:34,033 INFO 7128 [egg-security] use noopen middleware
2018-10-23 17:26:34,033 INFO 7128 [egg-security] use nosniff middleware
2018-10-23 17:26:34,034 INFO 7128 [egg-security] use xssProtection middleware
2018-10-23 17:26:34,034 INFO 7128 [egg-security] use xframe middleware
2018-10-23 17:26:34,034 INFO 7128 [egg-security] use dta middleware
2018-10-23 17:26:34,034 INFO 7128 [egg-security] compose 7 middlewares into one security middleware
2018-10-23 17:26:34,044 INFO 7128 [egg:core] dump config after load, 5ms
2018-10-23 17:26:34,053 INFO 7128 [egg-watcher:application] watcher start success
2018-10-23 17:26:34,060 INFO 7128 [egg:core] dump config after ready, 5ms
